Determining if the pthread_create exist failed with the following output:
Change Dir: /home/aran/桌面/1/CMakeFiles/CMakeTmp

Run Build Command:"/usr/bin/make" "cmTC_ab0e8/fast"
/usr/bin/make -f CMakeFiles/cmTC_ab0e8.dir/build.make CMakeFiles/cmTC_ab0e8.dir/build
make[1]: 进入目录“/home/aran/桌面/1/CMakeFiles/CMakeTmp”
Building C object CMakeFiles/cmTC_ab0e8.dir/CheckSymbolExists.c.o
/usr/bin/cc    -o CMakeFiles/cmTC_ab0e8.dir/CheckSymbolExists.c.o   -c /home/aran/桌面/1/CMakeFiles/CMakeTmp/CheckSymbolExists.c
Linking C executable cmTC_ab0e8
/usr/bin/cmake -E cmake_link_script CMakeFiles/cmTC_ab0e8.dir/link.txt --verbose=1
/usr/bin/cc      -rdynamic CMakeFiles/cmTC_ab0e8.dir/CheckSymbolExists.c.o  -o cmTC_ab0e8 
CMakeFiles/cmTC_ab0e8.dir/CheckSymbolExists.c.o：在函数‘main’中：
CheckSymbolExists.c:(.text+0x1b)：对‘pthread_create’未定义的引用
collect2: error: ld returned 1 exit status
CMakeFiles/cmTC_ab0e8.dir/build.make:97: recipe for target 'cmTC_ab0e8' failed
make[1]: *** [cmTC_ab0e8] Error 1
make[1]: 离开目录“/home/aran/桌面/1/CMakeFiles/CMakeTmp”
Makefile:126: recipe for target 'cmTC_ab0e8/fast' failed
make: *** [cmTC_ab0e8/fast] Error 2

File /home/aran/桌面/1/CMakeFiles/CMakeTmp/CheckSymbolExists.c:
/* */
#include <pthread.h>

int main(int argc, char** argv)
{
  (void)argv;
#ifndef pthread_create
  return ((int*)(&pthread_create))[argc];
#else
  (void)argc;
  return 0;
#endif
}

Determining if the function pthread_create exists in the pthreads failed with the following output:
Change Dir: /home/aran/桌面/1/CMakeFiles/CMakeTmp

Run Build Command:"/usr/bin/make" "cmTC_61907/fast"
/usr/bin/make -f CMakeFiles/cmTC_61907.dir/build.make CMakeFiles/cmTC_61907.dir/build
make[1]: 进入目录“/home/aran/桌面/1/CMakeFiles/CMakeTmp”
Building C object CMakeFiles/cmTC_61907.dir/CheckFunctionExists.c.o
/usr/bin/cc   -DCHECK_FUNCTION_EXISTS=pthread_create   -o CMakeFiles/cmTC_61907.dir/CheckFunctionExists.c.o   -c /usr/share/cmake-3.10/Modules/CheckFunctionExists.c
Linking C executable cmTC_61907
/usr/bin/cmake -E cmake_link_script CMakeFiles/cmTC_61907.dir/link.txt --verbose=1
/usr/bin/cc  -DCHECK_FUNCTION_EXISTS=pthread_create    -rdynamic CMakeFiles/cmTC_61907.dir/CheckFunctionExists.c.o  -o cmTC_61907 -lpthreads 
/usr/bin/ld: 找不到 -lpthreads
collect2: error: ld returned 1 exit status
CMakeFiles/cmTC_61907.dir/build.make:97: recipe for target 'cmTC_61907' failed
make[1]: *** [cmTC_61907] Error 1
make[1]: 离开目录“/home/aran/桌面/1/CMakeFiles/CMakeTmp”
Makefile:126: recipe for target 'cmTC_61907/fast' failed
make: *** [cmTC_61907/fast] Error 2


Performing C SOURCE FILE Test CMAKE_HAVE_LIBC_PTHREAD failed with the following output:
Change Dir: /home/aran/桌面/1/CMakeFiles/CMakeTmp

Run Build Command(s):/usr/bin/make cmTC_f4c95/fast && /usr/bin/make -f CMakeFiles/cmTC_f4c95.dir/build.make CMakeFiles/cmTC_f4c95.dir/build
make[1]: 进入目录“/home/aran/桌面/1/CMakeFiles/CMakeTmp”
Building C object CMakeFiles/cmTC_f4c95.dir/src.c.o
/usr/bin/cc   -DCMAKE_HAVE_LIBC_PTHREAD   -o CMakeFiles/cmTC_f4c95.dir/src.c.o   -c /home/aran/桌面/1/CMakeFiles/CMakeTmp/src.c
Linking C executable cmTC_f4c95
/usr/bin/cmake -E cmake_link_script CMakeFiles/cmTC_f4c95.dir/link.txt --verbose=1
/usr/bin/cc  -DCMAKE_HAVE_LIBC_PTHREAD    -rdynamic CMakeFiles/cmTC_f4c95.dir/src.c.o  -o cmTC_f4c95 
/usr/bin/ld: CMakeFiles/cmTC_f4c95.dir/src.c.o: in function `main':
src.c:(.text+0x46): undefined reference to `pthread_create'
/usr/bin/ld: src.c:(.text+0x52): undefined reference to `pthread_detach'
/usr/bin/ld: src.c:(.text+0x63): undefined reference to `pthread_join'
collect2: error: ld returned 1 exit status
make[1]: *** [CMakeFiles/cmTC_f4c95.dir/build.make:87：cmTC_f4c95] 错误 1
make[1]: 离开目录“/home/aran/桌面/1/CMakeFiles/CMakeTmp”
make: *** [Makefile:121：cmTC_f4c95/fast] 错误 2


Source file was:
#include <pthread.h>

void* test_func(void* data)
{
  return data;
}

int main(void)
{
  pthread_t thread;
  pthread_create(&thread, NULL, test_func, NULL);
  pthread_detach(thread);
  pthread_join(thread, NULL);
  pthread_atfork(NULL, NULL, NULL);
  pthread_exit(NULL);

  return 0;
}

